# JRE version: OpenJDK Runtime Environment (11.0.11+9) (build 11.0.11+9-b60-7590822)
# Java VM: OpenJDK 64-Bit Server VM (11.0.11+9-b60-7590822, mixed mode, tiered, compressed oops, g1 gc, windows-amd64)
Heap:
 garbage-first heap   total 155648K, used 72393K [0x0000000080000000, 0x0000000100000000)
  region size 1024K, 49 young (50176K), 8 survivors (8192K)
 Metaspace       used 47666K, capacity 48873K, committed 49100K, reserved 1091584K
  class space    used 6077K, capacity 6500K, committed 6604K, reserved 1048576K
GC Heap History (14 events):
Event: 0.556 GC heap before
{Heap before GC invocations=0 (full 0):
 garbage-first heap   total 129024K, used 29696K [0x0000000080000000, 0x0000000100000000)
  region size 1024K, 24 young (24576K), 0 survivors (0K)
 Metaspace       used 10138K, capacity 10330K, committed 10624K, reserved 1058816K
  class space    used 1061K, capacity 1107K, committed 1152K, reserved 1048576K
}
Event: 0.560 GC heap after
{Heap after GC invocations=1 (full 0):
 garbage-first heap   total 129024K, used 9465K [0x0000000080000000, 0x0000000100000000)
  region size 1024K, 3 young (3072K), 3 survivors (3072K)
 Metaspace       used 10138K, capacity 10330K, committed 10624K, reserved 1058816K
  class space    used 1061K, capacity 1107K, committed 1152K, reserved 1048576K
}
Event: 1.952 GC heap before
{Heap before GC invocations=1 (full 0):
 garbage-first heap   total 129024K, used 83193K [0x0000000080000000, 0x0000000100000000)
  region size 1024K, 75 young (76800K), 3 survivors (3072K)
 Metaspace       used 17453K, capacity 17833K, committed 18176K, reserved 1064960K
  class space    used 2053K, capacity 2186K, committed 2304K, reserved 1048576K
}
Event: 1.958 GC heap after
{Heap after GC invocations=2 (full 0):
 garbage-first heap   total 129024K, used 15909K [0x0000000080000000, 0x0000000100000000)
  region size 1024K, 10 young (10240K), 10 survivors (10240K)
 Metaspace       used 17453K, capacity 17833K, committed 18176K, reserved 1064960K
  class space    used 2053K, capacity 2186K, committed 2304K, reserved 1048576K
}
Event: 2.220 GC heap before
{Heap before GC invocations=2 (full 0):
 garbage-first heap   total 129024K, used 44581K [0x0000000080000000, 0x0000000100000000)
  region size 1024K, 39 young (39936K), 10 survivors (10240K)
 Metaspace       used 20689K, capacity 21082K, committed 21248K, reserved 1067008K
  class space    used 2539K, capacity 2694K, committed 2816K, reserved 1048576K
}
Event: 2.227 GC heap after
{Heap after GC invocations=3 (full 0):
 garbage-first heap   total 129024K, used 16836K [0x0000000080000000, 0x0000000100000000)
  region size 1024K, 2 young (2048K), 2 survivors (2048K)
 Metaspace       used 20689K, capacity 21082K, committed 21248K, reserved 1067008K
  class space    used 2539K, capacity 2694K, committed 2816K, reserved 1048576K
}
Event: 2.858 GC heap before
{Heap before GC invocations=4 (full 0):
 garbage-first heap   total 129024K, used 81348K [0x0000000080000000, 0x0000000100000000)
  region size 1024K, 65 young (66560K), 2 survivors (2048K)
 Metaspace       used 26769K, capacity 27309K, committed 27648K, reserved 1073152K
  class space    used 3523K, capacity 3736K, committed 3840K, reserved 1048576K
}
Event: 2.862 GC heap after
{Heap after GC invocations=5 (full 0):
 garbage-first heap   total 129024K, used 18943K [0x0000000080000000, 0x0000000100000000)
  region size 1024K, 4 young (4096K), 4 survivors (4096K)
 Metaspace       used 26769K, capacity 27309K, committed 27648K, reserved 1073152K
  class space    used 3523K, capacity 3736K, committed 3840K, reserved 1048576K
}
Event: 3.586 GC heap before
{Heap before GC invocations=5 (full 0):
 garbage-first heap   total 129024K, used 66047K [0x0000000080000000, 0x0000000100000000)
  region size 1024K, 51 young (52224K), 4 survivors (4096K)
 Metaspace       used 35032K, capacity 35793K, committed 35840K, reserved 1081344K
  class space    used 4557K, capacity 4864K, committed 4864K, reserved 1048576K
}
Event: 3.594 GC heap after
{Heap after GC invocations=6 (full 0):
 garbage-first heap   total 129024K, used 22333K [0x0000000080000000, 0x0000000100000000)
  region size 1024K, 7 young (7168K), 7 survivors (7168K)
 Metaspace       used 35032K, capacity 35793K, committed 35840K, reserved 1081344K
  class space    used 4557K, capacity 4864K, committed 4864K, reserved 1048576K
}
Event: 4.439 GC heap before
{Heap before GC invocations=7 (full 0):
 garbage-first heap   total 129024K, used 94013K [0x0000000080000000, 0x0000000100000000)
  region size 1024K, 75 young (76800K), 7 survivors (7168K)
 Metaspace       used 41431K, capacity 42404K, committed 42572K, reserved 1085440K
  class space    used 5346K, capacity 5691K, committed 5708K, reserved 1048576K
}
Event: 4.447 GC heap after
{Heap after GC invocations=8 (full 0):
 garbage-first heap   total 129024K, used 26890K [0x0000000080000000, 0x0000000100000000)
  region size 1024K, 8 young (8192K), 8 survivors (8192K)
 Metaspace       used 41431K, capacity 42404K, committed 42572K, reserved 1085440K
  class space    used 5346K, capacity 5691K, committed 5708K, reserved 1048576K
}
Event: 5.869 GC heap before
{Heap before GC invocations=8 (full 0):
 garbage-first heap   total 129024K, used 96522K [0x0000000080000000, 0x0000000100000000)
  region size 1024K, 75 young (76800K), 8 survivors (8192K)
 Metaspace       used 46480K, capacity 47557K, committed 47692K, reserved 1091584K
  class space    used 5952K, capacity 6364K, committed 6476K, reserved 1048576K
}
Event: 5.878 GC heap after
{Heap after GC invocations=9 (full 0):
 garbage-first heap   total 155648K, used 30409K [0x0000000080000000, 0x0000000100000000)
  region size 1024K, 8 young (8192K), 8 survivors (8192K)
 Metaspace       used 46480K, capacity 47557K, committed 47692K, reserved 1091584K
  class space    used 5952K, capacity 6364K, committed 6476K, reserved 1048576K
}

