# JRE version: OpenJDK Runtime Environment (11.0.11+9) (build 11.0.11+9-b60-7590822)
# Java VM: OpenJDK 64-Bit Server VM (11.0.11+9-b60-7590822, mixed mode, tiered, compressed oops, g1 gc, windows-amd64)
Heap:
 garbage-first heap   total 187392K, used 108003K [0x0000000080000000, 0x0000000100000000)
  region size 1024K, 49 young (50176K), 9 survivors (9216K)
 Metaspace       used 86555K, capacity 88902K, committed 89164K, reserved 1126400K
  class space    used 11277K, capacity 12080K, committed 12108K, reserved 1048576K
GC Heap History (20 events):
Event: 2.982 GC heap before
{Heap before GC invocations=5 (full 0):
 garbage-first heap   total 129024K, used 68527K [0x0000000080000000, 0x0000000100000000)
  region size 1024K, 53 young (54272K), 4 survivors (4096K)
 Metaspace       used 35009K, capacity 35792K, committed 35840K, reserved 1081344K
  class space    used 4555K, capacity 4864K, committed 4864K, reserved 1048576K
}
Event: 2.989 GC heap after
{Heap after GC invocations=6 (full 0):
 garbage-first heap   total 129024K, used 22711K [0x0000000080000000, 0x0000000100000000)
  region size 1024K, 7 young (7168K), 7 survivors (7168K)
 Metaspace       used 35009K, capacity 35792K, committed 35840K, reserved 1081344K
  class space    used 4555K, capacity 4864K, committed 4864K, reserved 1048576K
}
Event: 3.533 GC heap before
{Heap before GC invocations=7 (full 0):
 garbage-first heap   total 129024K, used 92343K [0x0000000080000000, 0x0000000100000000)
  region size 1024K, 73 young (74752K), 7 survivors (7168K)
 Metaspace       used 41237K, capacity 42212K, committed 42316K, reserved 1085440K
  class space    used 5337K, capacity 5691K, committed 5708K, reserved 1048576K
}
Event: 3.540 GC heap after
{Heap after GC invocations=8 (full 0):
 garbage-first heap   total 129024K, used 26883K [0x0000000080000000, 0x0000000100000000)
  region size 1024K, 8 young (8192K), 8 survivors (8192K)
 Metaspace       used 41237K, capacity 42212K, committed 42316K, reserved 1085440K
  class space    used 5337K, capacity 5691K, committed 5708K, reserved 1048576K
}
Event: 4.246 GC heap before
{Heap before GC invocations=8 (full 0):
 garbage-first heap   total 129024K, used 93443K [0x0000000080000000, 0x0000000100000000)
  region size 1024K, 73 young (74752K), 8 survivors (8192K)
 Metaspace       used 46280K, capacity 47431K, committed 47692K, reserved 1091584K
  class space    used 5948K, capacity 6365K, committed 6476K, reserved 1048576K
}
Event: 4.253 GC heap after
{Heap after GC invocations=9 (full 0):
 garbage-first heap   total 155648K, used 30083K [0x0000000080000000, 0x0000000100000000)
  region size 1024K, 8 young (8192K), 8 survivors (8192K)
 Metaspace       used 46280K, capacity 47431K, committed 47692K, reserved 1091584K
  class space    used 5948K, capacity 6365K, committed 6476K, reserved 1048576K
}
Event: 5.449 GC heap before
{Heap before GC invocations=9 (full 0):
 garbage-first heap   total 155648K, used 114051K [0x0000000080000000, 0x0000000100000000)
  region size 1024K, 86 young (88064K), 8 survivors (8192K)
 Metaspace       used 50547K, capacity 51927K, committed 52044K, reserved 1093632K
  class space    used 6447K, capacity 6954K, committed 6988K, reserved 1048576K
}
Event: 5.458 GC heap after
{Heap after GC invocations=10 (full 0):
 garbage-first heap   total 155648K, used 43600K [0x0000000080000000, 0x0000000100000000)
  region size 1024K, 11 young (11264K), 11 survivors (11264K)
 Metaspace       used 50547K, capacity 51927K, committed 52044K, reserved 1093632K
  class space    used 6447K, capacity 6954K, committed 6988K, reserved 1048576K
}
Event: 6.083 GC heap before
{Heap before GC invocations=10 (full 0):
 garbage-first heap   total 155648K, used 96848K [0x0000000080000000, 0x0000000100000000)
  region size 1024K, 64 young (65536K), 11 survivors (11264K)
 Metaspace       used 58501K, capacity 60043K, committed 60236K, reserved 1101824K
  class space    used 7450K, capacity 7993K, committed 8012K, reserved 1048576K
}
Event: 6.097 GC heap after
{Heap after GC invocations=11 (full 0):
 garbage-first heap   total 155648K, used 46476K [0x0000000080000000, 0x0000000100000000)
  region size 1024K, 3 young (3072K), 3 survivors (3072K)
 Metaspace       used 58501K, capacity 60043K, committed 60236K, reserved 1101824K
  class space    used 7450K, capacity 7993K, committed 8012K, reserved 1048576K
}
Event: 6.809 GC heap before
{Heap before GC invocations=12 (full 0):
 garbage-first heap   total 155648K, used 110988K [0x0000000080000000, 0x0000000100000000)
  region size 1024K, 66 young (67584K), 3 survivors (3072K)
 Metaspace       used 64418K, capacity 66088K, committed 66252K, reserved 1105920K
  class space    used 8202K, capacity 8798K, committed 8908K, reserved 1048576K
}
Event: 6.815 GC heap after
{Heap after GC invocations=13 (full 0):
 garbage-first heap   total 155648K, used 50987K [0x0000000080000000, 0x0000000100000000)
  region size 1024K, 7 young (7168K), 7 survivors (7168K)
 Metaspace       used 64418K, capacity 66088K, committed 66252K, reserved 1105920K
  class space    used 8202K, capacity 8798K, committed 8908K, reserved 1048576K
}
Event: 7.461 GC heap before
{Heap before GC invocations=13 (full 0):
 garbage-first heap   total 155648K, used 114475K [0x0000000080000000, 0x0000000100000000)
  region size 1024K, 69 young (70656K), 7 survivors (7168K)
 Metaspace       used 68926K, capacity 70593K, committed 70860K, reserved 1110016K
  class space    used 8946K, capacity 9552K, committed 9676K, reserved 1048576K
}
Event: 7.469 GC heap after
{Heap after GC invocations=14 (full 0):
 garbage-first heap   total 155648K, used 55725K [0x0000000080000000, 0x0000000100000000)
  region size 1024K, 5 young (5120K), 5 survivors (5120K)
 Metaspace       used 68926K, capacity 70593K, committed 70860K, reserved 1110016K
  class space    used 8946K, capacity 9552K, committed 9676K, reserved 1048576K
}
Event: 8.159 GC heap before
{Heap before GC invocations=14 (full 0):
 garbage-first heap   total 155648K, used 118189K [0x0000000080000000, 0x0000000100000000)
  region size 1024K, 66 young (67584K), 5 survivors (5120K)
 Metaspace       used 75577K, capacity 77430K, committed 77644K, reserved 1116160K
  class space    used 9881K, capacity 10547K, committed 10572K, reserved 1048576K
}
Event: 8.165 GC heap after
{Heap after GC invocations=15 (full 0):
 garbage-first heap   total 187392K, used 59189K [0x0000000080000000, 0x0000000100000000)
  region size 1024K, 9 young (9216K), 9 survivors (9216K)
 Metaspace       used 75577K, capacity 77430K, committed 77644K, reserved 1116160K
  class space    used 9881K, capacity 10547K, committed 10572K, reserved 1048576K
}
Event: 9.052 GC heap before
{Heap before GC invocations=15 (full 0):
 garbage-first heap   total 187392K, used 132917K [0x0000000080000000, 0x0000000100000000)
  region size 1024K, 82 young (83968K), 9 survivors (9216K)
 Metaspace       used 80108K, capacity 82288K, committed 82508K, reserved 1120256K
  class space    used 10538K, capacity 11325K, committed 11340K, reserved 1048576K
}
Event: 9.065 GC heap after
{Heap after GC invocations=16 (full 0):
 garbage-first heap   total 187392K, used 65009K [0x0000000080000000, 0x0000000100000000)
  region size 1024K, 10 young (10240K), 10 survivors (10240K)
 Metaspace       used 80108K, capacity 82288K, committed 82508K, reserved 1120256K
  class space    used 10538K, capacity 11325K, committed 11340K, reserved 1048576K
}
Event: 10.192 GC heap before
{Heap before GC invocations=16 (full 0):
 garbage-first heap   total 187392K, used 137713K [0x0000000080000000, 0x0000000100000000)
  region size 1024K, 82 young (83968K), 10 survivors (10240K)
 Metaspace       used 83845K, capacity 86084K, committed 86348K, reserved 1124352K
  class space    used 10936K, capacity 11739K, committed 11852K, reserved 1048576K
}
Event: 10.201 GC heap after
{Heap after GC invocations=17 (full 0):
 garbage-first heap   total 187392K, used 68067K [0x0000000080000000, 0x0000000100000000)
  region size 1024K, 9 young (9216K), 9 survivors (9216K)
 Metaspace       used 83845K, capacity 86084K, committed 86348K, reserved 1124352K
  class space    used 10936K, capacity 11739K, committed 11852K, reserved 1048576K
}

